0 23 25 1 20 30 2 16 31 33 3 7 35 36 4 10 37 38 39 5 17 42 6 44 45 47 48 24 51 56 57 62 13 21 14 64 15 22 68 69 70 71 73 77 78 18 81 19 82 85 86 88 92 93 94 95 96 97 98
0 25
23 96
23 95
23 94
25 78
1 30
20 86
20 85
30 35
2 31
2 33
16 73
31 82
33 69
3 36
3 35
7 48
7 47
36 77
4 38
4 39
4 37
10 56
10 57
37 86
38 88
39 62
5 42
17 77
17 78
42 71
6 44
6 45
44 78
45 93
47 51
48 98
24 98
24 97
51 77
56 92
62 97
62 94
62 73
13 64
21 88
14 69
14 68
64 85
15 70
15 71
22 93
22 92
68 96
70 95
18 81
81 96
19 82