0 1 7 3 2 9 14 13 20 8 16 32 17 10 15 11 12 18 51 24 21 43 25 23 27 28 54 57 30 58 80 35 34 40 38 36 48 41 42 45 52 47 49 82 56 63 59 74 60 64 69 72 65 66 67 89 71 90 97 76 84 77 93 78 87 81
0 1
0 7
1 3
7 8
3 14
2 9
9 17
14 24
13 10
13 51
20 23
20 27
8 32
16 43
32 35
17 21
17 43
10 15
15 12
15 21
11 12
18 51
18 25
24 23
21 28
25 54
28 57
54 63
57 56
57 58
30 58
30 80
58 59
80 52
80 78
35 38
35 34
34 40
40 41
40 42
40 36
38 48
48 47
41 45
45 52
47 49
47 82
82 81
63 65
59 60
74 71
60 72
60 69
60 64
64 66
69 90
72 76
65 67
66 89
67 71
90 97
76 77
84 81
77 93
78 87