0 10 13 26 27 1 5 19 28 29 2 33 34 4 21 37 38 39 40 41 6 16 45 20 8 49 50 17 56 12 61 62 63 18 65 66 14 15 67 68 70 71 73 74 76 78 80 81 82 84 22 23 86 88 90 92 93 24 94 97 98
0 27
0 26
10 56
13 66
13 65
26 28
27 70
1 28
1 29
5 40
5 41
19 84
19 82
29 80
2 33
33 97
33 86
34 62
4 38
4 37
4 39
21 88
21 90
37 98
38 88
39 82
40 84
6 45
16 74
16 73
45 97
20 86
8 49
8 50
50 61
17 76
17 78
56 92
12 61
12 63
12 62
63 93
18 80
18 81
65 81
66 90
14 68
14 67
15 70
15 71
67 71
68 74
71 78
73 94
76 93
22 93
22 92
23 94
24 97
24 98