0 11 6 25 27 1 8 28 29 30 2 14 24 33 3 35 21 23 38 5 18 40 41 42 43 45 16 10 46 13 19 49 50 51 9 22 52 55 56 20 60 64 68 69 74 78 79 81 82 83 85 86 88 89 90 92 94 98 99
0 25
0 27
11 60
6 45
6 43
25 52
27 83
1 30
1 29
1 28
8 51
8 50
8 49
28 79
29 82
30 99
2 33
14 68
14 69
24 99
24 98
33 55
3 35
35 69
21 88
21 90
21 89
23 94
38 49
5 41
5 40
5 42
18 81
18 79
40 68
41 85
42 60
43 46
45 89
16 74
10 56
10 55
13 64
19 83
19 82
50 86
51 90
9 52
22 92
56 78
20 85
20 86
60 94
64 98
69 78
74 89
81 88
89 92