14 19 21 7 25 1 22 29 30 2 4 31 33 3 20 34 35 36 6 5 37 38 13 24 40 12 43 44 46 47 16 9 15 23 52 53 18 11 58 59 60 61 64 65 67 69 70 73 75 17 77 78 81 83 85 88 93 95 98
14 67
14 69
19 83
21 88
7 47
7 46
25 35
1 29
1 30
22 93
29 93
29 73
30 47
2 31
2 33
4 38
4 37
31 78
33 69
3 34
3 35
3 36
20 85
34 61
36 95
6 44
6 43
5 40
37 83
38 52
38 98
13 64
13 65
24 98
40 47
12 61
43 65
44 59
46 78
16 75
16 73
9 53
9 52
15 70
23 95
53 75
18 81
11 58
11 60
11 59
58 95
60 81
64 85
65 67
70 77
17 77
17 78
77 88