0 14 19 25 26 27 1 3 28 29 16 34 36 4 10 37 39 5 17 20 41 6 15 43 44 45 7 9 47 8 18 49 50 51 52 24 55 56 11 58 59 13 22 64 68 71 73 74 78 80 81 82 86 87 21 89 91 93 96 97 99
0 25
0 26
0 27
14 68
19 82
25 39
26 82
27 52
1 28
1 29
3 36
3 34
28 34
16 74
16 73
36 45
36 64
4 37
4 39
10 56
10 55
37 74
5 41
17 78
20 86
20 87
41 58
6 44
6 45
6 43
15 71
43 93
44 73
45 97
7 47
9 52
47 71
8 49
8 50
8 51
18 81
18 80
49 89
50 81
51 96
24 99
24 97
55 78
56 80
11 58
11 59
59 86
13 64
22 93
22 91
68 86
71 81
81 99
87 91
21 89