54 41 90 27 35 69 48 64 96 55 11 52 14 97 85 10 50 75 78 28 2 68 36 40 17 23 86 60 80 76 65 59 9 93 24 13 61 74 43 31 44 37 0 66 79 42 4 3 49 87 26 58 38 39 82 84 46 81
54 69
54 90
54 55
54 50
54 64
41 27
90 27
90 14
90 11
90 40
90 35
90 52
27 96
35 9
69 97
69 23
69 49
48 43
64 78
96 17
96 60
55 36
55 24
14 10
97 81
85 66
85 58
85 31
10 26
75 68
75 59
75 37
75 3
78 0
28 68
2 65
68 82
17 80
23 42
23 76
86 74
86 38
80 13
65 93
65 61
65 82
24 31
61 74
61 87
74 0
43 44
44 0
44 4
44 79
79 84
4 46
87 39