2 3 4 10 12 13 6 7 15 18 21 27 25 19 32 22 33 20 24 34 35 41 40 38 43 44 45 46 48 51 47 49 50 52 61 53 55 56 59 57 58 65 66 64 67 68 73 70 76 77 78 81 88 79 85 89 86 91 99 90 96 97
2 3
3 4
4 12
10 6
10 13
12 18
13 21
6 7
15 27
15 25
18 19
18 32
21 20
25 24
19 22
19 33
19 20
22 24
33 34
33 35
35 41
41 40
41 44
38 43
43 44
44 45
45 46
45 48
45 51
46 47
51 49
49 50
50 52
52 61
52 53
52 55
55 56
55 59
59 58
59 65
57 58
65 64
65 67
65 66
65 68
67 73
68 70
73 77
73 78
70 76
76 81
77 88
78 79
88 85
88 86
88 89
89 99
86 91
91 90
99 97
96 97