0 1 36 2 43 8 72 50 63 83 5 29 25 85 82 11 12 39 64 70 26 13 92 14 30 15 21 67 59 37 38 46 48 22 75 23 24 91 73 76 27 28 31 34 35 77 44 93 45 89 71 47 88 58 66 99 97 98 80 81 96
0 1
1 2
1 72
36 34
36 35
36 37
2 50
2 63
43 93
8 72
72 44
72 71
83 5
83 82
29 28
25 24
85 27
82 81
11 12
11 39
11 64
11 26
39 38
64 97
70 34
70 71
70 91
26 27
13 14
13 30
92 80
92 91
92 93
14 15
14 59
30 31
21 22
21 75
67 22
59 58
59 71
38 73
46 47
48 47
48 66
75 76
23 24
24 73
24 76
73 71
73 89
76 77
27 28
45 71
71 66
47 88
66 99
99 98
97 96
80 81