0 49 84 29 1 15 86 80 2 76 44 10 52 5 35 7 13 41 58 46 9 78 81 11 65 12 37 14 16 54 83 17 18 19 79 20 21 31 22 45 62 71 75 25 28 61 90 67 91 92 63 68 48 50 51 56 72 57 66 77 88 64 73 69 70
0 49
0 31
49 46
49 50
84 56
29 73
1 15
1 62
15 72
86 83
86 64
80 41
80 45
2 76
76 62
44 65
44 77
10 81
52 91
52 73
5 18
5 67
35 91
35 75
7 9
13 14
13 45
58 18
46 20
9 67
78 83
81 72
11 65
65 25
65 56
12 37
12 17
37 16
16 54
16 83
54 68
83 88
83 90
18 73
19 79
19 21
21 31
21 68
22 45
22 62
71 92
75 69
25 63
28 63
61 92
61 77
90 66
68 48
68 73
51 56
56 72
72 64
57 73
64 70