78 57 95 68 55 1 34 24 54 84 66 2 90 30 5 65 92 80 3 7 18 52 31 39 69 29 12 58 75 6 33 74 73 47 14 16 48 11 86 64 13 35 56 85 17 79 21 43 26 59 22 93 40 62 25 82 91 51 27 72 38 50 32 87 88 81 96 41 42 94 98 89
78 22
78 25
78 50
57 85
95 32
95 50
95 88
68 13
55 87
1 34
1 24
1 54
1 66
24 62
24 65
54 56
84 5
84 86
84 87
66 6
2 90
2 30
2 5
2 92
5 29
5 75
65 17
65 94
92 21
80 33
3 7
3 18
7 6
52 87
52 74
31 91
39 29
39 96
69 51
12 64
58 75
6 33
6 73
74 89
74 81
73 64
47 62
14 56
16 11
16 85
48 22
64 26
13 35
35 43
85 40
85 93
79 25
21 43
21 26
21 59
43 98
26 51
22 40
62 27
25 82
82 98
91 51
27 72
27 38
88 41
42 94