14 19 7 26 1 22 29 30 2 4 31 32 33 3 34 35 5 37 38 39 13 24 40 12 46 47 48 8 49 50 51 9 15 23 52 53 54 18 11 58 60 61 64 65 67 68 69 70 17 76 77 78 79 81 83 88 93 95 98 99
14 67
14 68
14 69
19 83
7 46
7 47
7 48
26 53
26 99
1 29
1 30
22 93
29 93
30 47
2 31
2 32
2 33
4 37
4 38
4 39
31 50
31 78
33 69
3 34
3 35
34 61
35 64
5 40
38 98
38 52
13 64
13 65
24 98
24 99
40 47
12 61
46 78
8 49
8 50
8 51
49 65
50 52
9 52
9 54
15 70
23 95
52 79
18 79
18 81
11 58
11 60
58 95
60 81
65 83
70 77
17 76
17 77
17 78
77 88