0 10 13 25 27 1 5 19 28 30 2 9 33 3 34 4 21 7 38 40 41 42 6 16 43 44 45 20 47 8 11 49 51 17 52 53 56 12 58 59 60 61 18 64 65 66 14 15 68 70 74 75 76 81 83 22 23 85 86 88 90 91 92 24 94 97
0 25
0 27
10 56
13 64
13 65
13 66
25 44
25 56
27 42
27 70
1 28
1 30
5 40
5 41
5 42
19 83
28 66
30 43
2 33
9 52
9 53
33 97
33 86
3 34
34 58
34 92
4 38
21 88
21 90
7 47
38 88
40 60
41 47
6 43
6 44
6 45
16 74
16 75
44 51
45 97
20 85
20 86
8 49
8 51
11 58
11 59
11 60
49 52
17 76
12 61
61 90
18 81
65 81
66 90
66 76
14 68
15 70
68 74
74 86
81 83
81 94
22 91
22 92
23 94
24 97