0 23 27 1 20 28 2 11 16 9 31 32 33 3 7 34 36 4 10 8 37 39 5 17 41 42 6 43 47 48 24 50 51 53 56 58 61 62 13 21 64 66 15 22 69 70 73 74 76 77 18 81 19 84 85 86 88 90 91 92 93 94 95 96 97 99
0 27
23 94
23 95
23 96
27 76
1 28
20 85
20 86
28 36
2 31
2 32
2 33
11 58
16 73
16 74
9 53
31 91
32 42
32 61
33 69
3 34
3 36
7 47
7 48
36 77
4 37
4 39
10 56
8 50
8 51
37 86
39 62
5 41
5 42
17 76
17 77
6 43
43 90
43 48
47 51
24 97
24 99
51 77
51 92
53 93
56 92
58 66
58 77
62 94
62 97
62 73
13 64
13 66
21 88
21 90
64 85
15 70
22 91
22 92
22 93
70 95
18 81
81 96
19 84
84 99