93 49 1 18 19 65 2 47 66 67 68 6 27 7 41 79 8 30 24 11 48 31 60 12 44 70 20 14 90 94 15 32 39 62 16 28 53 71 34 52 21 86 23 72 84 82 54 29 55 38 99 35 97 73 91 64 76 85 61
93 79
49 91
1 18
1 65
18 8
18 19
18 34
19 52
65 23
2 47
2 66
47 73
66 20
67 53
67 64
68 71
6 27
27 21
7 41
7 79
41 82
8 30
30 24
11 48
11 31
11 60
48 12
31 55
60 84
12 44
12 70
44 29
44 82
70 91
14 90
14 94
90 39
90 85
15 32
15 39
32 84
62 73
16 28
28 82
28 54
71 21
34 38
34 99
21 86
86 64
72 64
72 97
82 38
82 64
54 35
54 73
99 61
76 61