0 11 6 25 1 8 30 2 14 24 32 3 17 34 35 4 21 23 37 5 18 40 41 42 43 7 16 10 46 47 48 15 13 19 50 51 9 22 52 54 56 20 59 60 65 67 68 69 72 74 75 78 80 81 83 84 85 86 88 90 91 92 94 95 97 98 99
0 25
11 59
11 60
6 43
25 52
1 30
8 50
8 51
30 50
30 99
2 32
14 67
14 68
14 69
24 97
24 98
24 99
32 78
3 34
3 35
17 78
35 59
4 37
21 88
21 90
23 94
23 95
37 42
5 40
5 41
5 42
18 80
18 81
40 68
41 85
42 60
43 46
7 46
7 47
7 48
16 74
16 75
10 56
46 91
47 90
47 86
48 94
15 72
13 65
19 83
19 84
51 90
9 52
9 54
22 91
22 92
54 78
56 78
20 85
20 86
59 75
65 67
69 78
72 78
80 83
81 88