0 1 10 2 5 14 8 9 19 11 20 12 13 27 17 18 29 30 22 23 31 26 28 39 40 32 35 36 37 49 38 41 50 42 43 44 45 46 51 47 48 59 60 52 53 54 65 57 58 69 61 70 62 66 67 77 68 79 80 73 76 89 81 90 82 83 86 99 91 92 93 96 97 98
0 1
0 10
1 2
10 11
10 20
5 14
14 13
8 9
9 19
19 18
19 29
11 12
20 30
12 13
27 26
27 28
17 18
29 28
29 39
30 31
30 40
22 23
22 31
31 32
39 38
39 49
40 41
40 50
35 36
36 37
37 38
49 48
49 59
41 42
50 51
50 60
42 43
44 45
45 46
45 51
46 47
51 52
47 48
59 58
59 69
60 61
60 70
52 53
53 54
65 66
57 58
69 68
69 79
61 62
70 80
66 67
66 77
67 68
77 76
79 89
80 73
80 81
80 90
89 99
81 82
90 91
82 83
86 99
99 98
91 92
92 93
96 97
97 98