1 3 6 7 8 10 12 14 16 18 19 20 22 23 24 27 28 30 31 33 34 36 37 39 40 42 43 44 47 46 48 49 51 54 53 55 56 58 59 60 62 64 65 67 69 70 71 72 73 74 76 77 78 79 80 82 83 84 85 87 88 89 91 92 94 95 98
1 3
3 7
6 7
7 8
8 10
10 12
12 14
14 16
16 18
16 19
19 20
20 22
22 23
23 24
24 27
27 28
28 31
30 31
31 33
33 34
34 36
36 37
37 39
39 40
40 42
42 43
43 44
44 46
47 46
47 48
48 49
48 51
51 53
54 53
54 55
55 56
56 58
58 59
59 60
60 62
62 65
62 67
64 65
67 69
69 70
70 71
71 72
72 73
73 74
74 76
76 77
77 78
78 79
79 80
80 82
82 83
83 84
84 85
85 87
87 88
88 89
89 91
91 92
92 94
94 95
95 98