0 10 21 25 26 27 1 23 16 28 30 2 6 20 31 3 22 11 34 35 4 13 39 5 9 42 44 7 8 46 48 15 49 51 18 53 54 55 56 57 60 12 62 19 64 65 66 14 67 68 69 70 72 75 17 76 78 79 80 83 84 87 88 89 91 94 98 99
0 25
0 26
0 27
10 55
10 56
10 57
21 88
21 89
26 44
27 34
1 28
1 30
23 94
16 75
28 31
30 94
2 31
6 44
20 87
3 34
3 35
22 91
11 60
35 68
4 39
13 64
13 65
13 66
39 72
5 42
9 53
9 54
42 98
7 46
7 48
8 49
8 51
46 76
48 89
15 70
15 72
51 98
18 79
18 80
53 94
54 84
54 98
55 89
56 60
57 83
12 62
62 89
19 83
19 84
65 88
65 91
14 67
14 68
14 69
67 99
68 87
70 87
75 87
17 76
17 78
80 94
83 87