0 32 34 38 36 68 69 70 71 72 73 74 75 76 77 78 79 80 81 82 83 84 85 86 87 88 89 90 91 92 93 94 95 96 97 98 99 30 2 43 4 19 37 6 7 20 11 12 23 28 15 59 60 22 18 57 26 25 54 44 31 42 51 40 64 65 52 58
0 32
0 34
0 38
0 36
0 68
0 69
0 70
0 71
0 72
0 73
0 74
0 75
0 76
0 77
0 78
0 79
0 80
0 81
0 82
0 83
0 84
0 85
0 86
0 87
0 88
0 89
0 90
0 91
0 92
0 93
0 94
0 95
0 96
0 97
0 98
0 99
38 7
38 25
38 64
38 65
36 6
36 18
36 31
36 42
36 51
69 2
76 11
81 19
82 20
84 22
85 23
86 26
87 30
96 40
99 43
30 44
4 19
37 28
37 40
12 23
28 54
15 59
59 57
60 51
22 57
57 52
64 58