0 49 5 2 65 51 4 74 6 64 7 36 12 9 32 90 11 18 14 42 15 71 16 45 40 81 70 56 21 33 22 24 85 27 63 31 30 72 69 34 62 37 73 47 48 50 84 60 53 54 89 87 59 86 67 75 93 77 88
0 49
49 45
5 74
5 4
5 6
2 65
2 88
2 93
65 45
65 64
51 24
51 60
51 50
4 54
4 87
74 21
6 64
6 7
64 63
7 36
36 62
36 37
12 11
9 32
9 81
32 30
90 15
90 89
11 18
11 34
18 81
14 42
14 67
42 40
42 70
42 69
15 71
71 93
16 45
16 53
70 22
70 31
56 87
21 33
33 69
33 34
24 48
85 50
27 63
31 72
30 59
37 47
73 84
47 86
50 84
60 86
54 75
89 77