0 1 36 67 72 85 91 4 11 53 93 2 59 61 38 71 63 79 96 25 80 90 6 7 27 37 81 52 84 94 8 24 40 10 57 58 75 88 13 60 62 70 89 15 45 49 17 95 41 19 48 78 21 28 74 42 83 92 29 31 32 69 50 54 77 82
0 91
1 11
36 13
36 69
36 91
67 74
67 84
72 8
85 31
85 50
91 7
4 79
4 96
11 75
53 84
93 38
93 61
2 59
2 61
61 54
71 24
63 21
63 37
79 13
25 45
25 62
80 29
80 54
90 60
6 27
6 81
7 52
27 89
37 52
37 54
37 78
52 88
52 94
94 70
8 24
24 74
40 69
40 75
10 57
10 58
57 15
57 48
57 70
57 74
57 77
60 82
89 29
89 82
45 74
45 83
45 95
49 92
17 95
41 77
19 78
48 42
28 92
42 92
31 32
32 69