2 1 4 5 21 88 3 76 7 9 10 11 48 6 8 49 12 20 14 51 13 17 50 19 22 75 15 96 18 28 26 27 45 93 55 43 53 46 35 41 31 80 30 33 34 64 36 37 54 52 59 56 47 60 61 62 72 67 63 66 78 98 84 70 83 87 99
2 76
1 4
1 5
1 88
4 11
4 48
21 20
21 43
88 55
3 7
3 9
3 10
3 76
7 49
9 20
10 14
10 51
11 51
6 8
8 12
8 49
12 50
13 19
13 75
17 18
17 28
19 15
19 55
22 45
22 53
22 55
15 96
18 26
18 27
18 45
18 93
28 30
26 31
27 80
55 46
55 60
55 63
53 33
35 36
35 54
41 52
33 64
34 64
64 84
36 52
36 59
37 54
54 67
52 72
59 78
56 66
47 61
60 61
61 62
62 98
72 84
66 70
98 87
70 83
70 87
87 99