0 2 4 5 6 8 10 11 12 14 16 17 18 20 22 23 24 26 29 25 27 30 32 34 35 33 36 38 40 41 37 42 44 47 43 48 50 52 53 54 56 59 55 60 62 64 65 66 68 70 71 69 72 74 76 77 73 75 78 80 82 83 81 84 86 88 89 85 87 90 92 94 95 91
0 2
0 4
0 5
4 6
6 8
6 11
10 11
11 12
12 14
12 17
16 17
17 18
18 20
20 22
22 23
23 24
24 26
24 29
26 27
29 25
29 30
30 32
30 34
30 35
32 33
35 36
36 38
36 40
40 37
41 37
41 42
42 44
42 47
47 43
47 48
48 53
50 52
52 53
53 54
54 56
54 59
59 55
59 60
60 62
60 64
64 65
65 66
66 68
66 71
68 69
68 70
71 72
72 74
72 76
72 77
74 75
76 73
77 78
78 82
78 83
80 81
80 82
83 84
84 86
84 89
86 87
88 85
89 85
89 90
90 92
92 94
94 91
94 95