0 60 9 8 2 16 75 56 74 3 98 77 63 49 48 46 40 38 92 14 78 50 10 72 87 93 12 19 58 82 13 47 90 67 24 34 30 22 69 91 25 51 32 83 88 36 42 33 85 54 71 73 65 96 80 86 52 66 89 79 81
0 60
0 9
60 52
9 3
9 50
8 14
8 78
2 16
2 75
2 74
16 56
16 24
75 42
75 81
56 34
74 71
98 73
77 49
77 83
63 32
63 85
63 67
48 38
46 38
46 71
40 58
92 50
92 79
78 90
78 79
10 87
72 13
72 51
87 67
87 69
93 80
93 82
93 88
12 58
12 82
19 22
58 22
13 47
90 54
90 66
90 83
90 89
30 36
69 86
91 54
25 51
25 32
51 65
32 88
36 73
33 54
71 96
71 73
96 66
96 80