0 1 2 3 10 12 13 11 5 6 7 8 9 19 14 15 18 20 21 17 16 44 45 22 23 24 27 25 29 30 36 31 32 34 35 38 39 50 43 40 46 47 48 56 49 57 72 52 54 64 61 71 58 59 70 63 65 66 69 86 68 73 77 76 75 82 87 80 81 83 84 85 89
0 1
0 3
1 12
2 10
2 13
3 10
3 11
12 17
13 14
13 16
11 18
11 20
11 21
5 6
6 8
6 9
7 8
8 14
9 19
19 44
19 45
14 15
20 22
45 43
22 23
23 24
23 27
24 25
29 30
30 34
30 35
36 35
31 38
32 34
35 39
35 50
38 39
50 49
50 72
43 40
43 46
46 47
47 48
47 56
48 57
56 71
49 57
57 58
52 54
54 64
64 63
64 65
61 63
71 70
58 59
70 69
70 73
65 66
66 69
69 68
86 68
86 87
73 77
76 75
76 87
75 82
82 81
82 83
80 81
83 84
84 85
85 89