0 1 89 21 3 4 5 6 38 11 8 70 76 10 68 26 12 13 41 14 96 15 43 16 57 18 44 19 61 20 83 46 22 23 77 24 53 25 74 27 28 82 86 32 33 92 55 35 47 37 69 59 39 49 63 50 81 56 94 58 67 60 93 62 75 80 79 71 87 78 88 90 95
0 1
0 89
1 21
89 90
21 20
3 4
4 5
5 38
6 11
38 37
38 39
11 10
11 12
8 76
70 69
70 71
76 77
10 26
68 67
68 69
26 25
26 27
12 13
12 41
13 14
13 96
14 43
96 95
15 16
15 57
43 44
57 56
57 58
18 19
18 61
19 20
19 83
61 60
20 46
83 82
46 47
22 23
22 77
23 24
23 53
77 78
25 74
74 75
27 28
82 81
86 87
32 33
32 92
33 55
92 93
35 47
37 59
59 58
59 60
49 50
63 62
50 56
81 80
94 93
94 95
58 67
60 93
62 75
80 79
79 78
87 88
78 88