0 1 2 3 4 5 6 7 8 9 10 11 12 13 14 15 16 17 18 19 20 21 22 23 24 25 26 27 28 29 30 31 32 33 34 35 36 37 38 40 42 43 44 45 46 47 48 50 51 52 53 54 55 56 57 58 59 60 61 62 63 64 65 66 67 68 69 70 71 72 73 74 75 76 77 78 79 80 81 82 83 84 85 86 87 88 89 90 91 92 93 94 95 96 97 98 99
0 1
0 2
0 4
0 6
0 7
0 8
0 9
0 10
0 18
0 71
1 11
2 12
3 13
3 71
4 14
5 71
6 15
7 16
9 17
18 19
19 20
19 21
21 22
22 23
23 24
25 26
25 27
25 28
25 29
25 30
25 31
25 32
25 33
25 34
25 35
25 50
26 36
36 37
37 38
40 42
40 43
40 44
44 45
44 71
45 46
45 47
45 48
50 51
50 52
50 53
50 54
50 55
50 56
50 57
50 58
50 59
50 60
57 71
60 61
60 81
61 62
62 63
63 64
64 65
65 66
66 67
67 68
68 69
69 70
71 72
72 73
73 74
74 75
75 76
76 77
77 78
78 79
79 80
81 82
81 83
81 84
81 85
81 86
81 87
81 88
81 89
81 90
90 91
91 92
91 93
91 94
91 95
91 96
91 97
91 98
91 99