0 1 2 4 5 6 8 9 10 11 14 16 17 18 19 21 22 23 25 26 27 28 29 30 31 33 34 35 36 37 38 41 42 43 44 45 46 48 50 51 52 53 54 55 56 57 60 61 62 64 65 66 67 69 70 71 75 76 78 80 81 82 83 87 92 94 95 97 98 99
0 1
1 2
2 42
4 5
4 87
4 80
5 6
5 95
8 9
8 71
10 99
11 41
14 62
16 17
16 27
18 19
18 48
18 33
19 94
21 55
22 98
22 66
22 25
23 70
25 26
25 67
27 28
27 50
27 61
27 99
28 29
29 67
30 31
30 38
31 35
33 42
34 35
34 45
35 36
35 60
35 52
36 37
41 42
43 44
43 69
44 45
45 57
46 80
46 82
48 50
48 55
48 76
51 52
51 70
53 54
53 83
53 94
56 80
57 76
61 62
64 65
65 66
67 81
69 95
71 80
75 76
78 92
78 83
97 98