69 1 8 40 3 4 13 17 36 57 5 49 55 79 38 23 42 46 10 80 85 95 24 12 22 83 89 14 52 63 65 66 76 27 77 18 25 37 62 19 78 96 98 21 45 75 97 29 30 31 32 99 74 73 47 44 71 50 67 94 64
69 80
1 8
8 42
40 18
3 13
4 17
4 57
13 12
13 83
17 77
36 31
57 55
57 75
57 76
57 89
57 94
57 97
5 49
5 79
49 45
38 27
38 31
23 24
42 99
46 22
10 80
10 85
85 18
85 66
95 73
95 98
24 14
24 21
24 75
22 37
22 63
83 52
89 31
14 52
14 63
14 66
52 44
52 71
65 47
65 64
66 78
66 96
77 64
18 25
18 62
62 29
19 78
78 30
96 50
98 45
45 44
75 74
31 32
32 99
50 67