23 1 8 16 29 2 31 33 3 5 35 36 4 20 37 39 12 18 40 14 45 7 24 47 48 21 54 10 13 15 55 56 57 11 17 58 60 61 62 63 64 67 68 69 70 75 77 78 79 80 81 87 89 92 93 94 97 98 99
23 94
1 8
1 29
16 75
29 81
2 31
31 64
31 75
31 98
33 99
3 36
5 40
35 99
36 97
4 37
4 39
20 87
37 98
39 48
12 61
12 62
18 79
18 80
18 81
40 69
14 67
14 68
14 69
45 87
45 81
7 47
7 48
24 97
24 98
24 99
21 89
54 97
10 55
10 56
10 57
13 64
15 70
55 89
56 97
11 58
11 60
17 77
17 78
58 98
61 81
62 97
63 98
67 80
70 80
75 92
77 94
78 97
93 97