3 4 7 11 12 15 16 13 17 20 21 22 23 24 26 27 29 30 28 31 34 35 33 39 36 40 37 41 42 43 44 45 46 47 49 51 53 54 52 56 57 55 58 61 62 59 60 65 66 63 69 70 73 74 75 76 78 79 82 86 87 85 91 88 92 94 97
3 7
4 7
7 12
11 15
11 16
12 13
12 17
16 20
17 21
20 23
21 22
22 24
23 26
24 27
26 30
27 30
29 30
30 31
30 34
30 35
28 31
34 33
34 39
35 36
35 40
39 42
36 41
40 45
37 41
42 46
43 46
44 45
45 47
47 49
49 51
51 54
53 52
53 57
54 55
54 57
56 57
57 58
57 61
57 62
61 60
61 65
61 66
62 63
59 60
66 69
69 70
69 73
73 75
74 76
75 78
76 79
78 82
79 82
82 86
82 87
86 85
86 91
87 88
87 92
91 94
92 97