3 2 5 6 9 10 12 11 14 18 19 20 22 23 21 24 26 29 32 34 31 35 39 42 44 45 47 48 53 56 59 55 58 57 61 62 60 63 64 68 66 69 67 70 74 77 79 75 83 84 82 87 88 85 89 86 91 93 94 92 90 99 98
3 2
2 93
5 9
5 55
6 9
6 34
9 89
10 12
10 14
12 11
11 63
11 53
18 19
19 48
20 22
20 23
20 87
23 24
21 24
21 82
26 29
26 75
32 34
32 31
31 98
35 39
35 68
42 75
42 62
44 84
45 48
47 48
47 70
56 59
56 90
59 58
55 58
55 57
57 64
61 60
62 64
62 74
60 63
63 64
68 67
66 69
66 91
69 67
70 74
77 79
77 86
83 82
84 82
87 88
88 85
85 89
85 86
91 90
93 92
94 92
94 90
99 98