87 4 8 41 70 54 66 56 18 50 25 39 84 96 64 26 33 92 5 31 35 61 32 10 34 19 82 24 51 53 73 63 97 77 43 9 59 62 90 30 6 99 75 13 47 1 67 20 44 86 91 2 12 11 81 55 45 29 93 48 85
87 4
87 63
4 32
8 5
8 99
8 54
41 39
41 61
70 33
66 77
66 55
66 39
56 64
56 13
18 25
18 43
18 29
50 91
50 90
25 9
39 20
84 55
96 59
64 26
64 33
26 63
26 45
26 12
33 48
92 30
92 1
92 34
31 35
35 93
61 86
10 43
10 11
34 99
19 48
82 20
24 20
51 20
53 12
73 75
63 44
97 13
77 43
59 45
62 93
90 93
30 91
6 99
99 75
13 47
47 1
67 55
67 85
20 81
91 2
55 93