32 2 3 19 4 5 20 21 6 7 8 9 24 10 11 13 25 36 38 16 17 26 18 23 27 22 28 29 43 44 35 37 42 46 47 48 49 50 51 55 58 59 60 63 61 64 69 66 75 67 79 80 78 72 74 77 81 73 84 88 95 92
32 19
2 3
3 4
19 18
4 5
4 20
4 21
5 6
5 7
5 60
21 23
7 58
8 9
8 24
24 23
24 25
10 13
11 13
11 36
13 25
36 37
38 35
16 17
17 18
26 18
26 27
26 28
26 29
18 22
18 23
29 43
29 44
43 42
35 37
35 46
46 47
47 48
48 49
49 50
50 51
55 58
59 63
59 61
60 61
63 64
64 69
69 75
66 67
75 84
75 88
67 72
67 74
79 80
79 78
79 95
80 77
78 72
72 73
77 81
73 84
95 92