0 9 15 26 27 1 22 4 28 29 2 14 23 31 32 3 36 7 37 38 39 5 21 20 40 41 6 16 44 47 48 8 18 49 50 11 52 10 55 57 60 12 62 13 24 66 67 68 70 71 74 75 17 78 79 80 81 82 83 86 88 90 93 94 95 96 97 98
0 26
0 27
9 52
15 70
15 71
26 28
27 93
27 95
1 28
1 29
22 93
4 37
4 38
4 39
28 50
29 36
2 31
2 32
14 67
14 68
23 94
23 95
23 96
32 52
3 36
36 47
7 47
7 48
37 44
38 79
39 94
5 40
5 41
21 88
21 90
20 86
40 55
6 44
16 74
44 70
47 67
48 78
8 49
8 50
18 79
18 80
18 81
49 86
50 74
11 60
52 75
10 55
10 57
55 66
55 82
57 71
60 82
12 62
62 79
13 66
24 97
24 98
68 97
70 75
17 78
80 90
83 98