0 1 7 3 2 9 13 20 8 16 17 10 15 12 21 22 37 43 23 27 28 29 54 61 57 30 44 58 80 35 40 38 36 48 42 47 49 82 53 56 63 62 59 74 60 64 69 72 65 88 67 71 68 90 97 76 79 84 77 93 78 87 81 99
0 1
0 7
1 3
7 8
2 9
9 17
13 10
20 23
20 27
8 16
16 21
16 37
16 43
17 21
10 15
15 12
15 22
21 29
22 28
43 30
43 38
27 61
28 57
54 63
61 60
57 56
57 58
30 44
30 58
30 80
44 42
58 59
58 74
80 78
35 38
40 36
40 42
38 48
48 47
47 49
47 82
82 81
53 56
56 62
63 65
59 60
74 71
74 79
60 64
60 69
60 72
64 88
69 68
69 90
72 76
65 67
88 99
67 71
90 97
76 77
84 81
77 93
78 87