1 0 2 3 4 5 6 7 8 9 10 11 12 14 15 17 18 19 20 21 22 23 24 25 26 27 28 29 31 32 35 36 37 39 41 42 45 46 49 50 54 55 56 62 63 64 65 67 68 69 70 71 72 75 80 81 82 83 84 86 88 89 90 91 98
1 0
1 5
1 6
1 8
1 82
0 2
0 4
0 17
2 3
2 7
2 19
2 32
2 55
2 70
3 21
3 36
4 11
4 12
4 23
4 54
5 10
7 9
7 15
7 25
7 42
8 71
9 14
9 18
10 91
11 24
14 27
14 31
14 50
15 20
17 39
17 86
18 29
20 45
21 22
21 49
22 28
23 26
23 37
24 35
25 83
26 68
26 84
32 64
32 72
35 63
36 80
37 62
39 41
42 56
45 46
45 81
46 75
49 65
64 69
65 67
68 88
71 90
75 89
91 98