0 10 25 26 27 1 29 2 6 31 33 3 22 11 34 4 5 38 39 19 40 42 16 43 44 45 7 20 47 8 18 49 50 51 9 12 52 54 56 58 59 61 62 13 17 64 66 14 21 68 69 15 70 71 73 75 77 24 79 80 81 82 83 84 85 88 90 92 93 94 95 97 99
0 25
0 26
0 27
10 56
25 85
26 45
26 62
27 31
1 29
29 44
2 31
2 33
6 43
6 44
6 45
31 49
31 40
3 34
22 92
22 93
11 58
11 59
34 64
4 38
4 39
5 40
5 42
38 50
19 82
19 83
19 84
42 73
16 73
16 75
44 47
7 47
20 85
8 49
8 50
8 51
18 79
18 80
18 81
51 71
9 52
9 54
12 61
12 62
54 92
56 88
58 97
59 66
59 82
59 75
61 93
13 64
13 66
17 77
14 68
14 69
21 88
21 90
68 70
15 70
15 71
77 94
24 97
24 99
80 95
81 83
84 94
88 94