3 5 6 9 10 12 17 19 21 24 25 28 30 32 33 34 35 36 37 38 39 40 41 42 43 44 45 46 47 50 51 52 54 56 59 61 63 64 65 66 67 68 69 70 71 73 74 75 76 77 78 79 80 81 82 83 84 85 86 87 88 89 90 91 92 93 0
3 6
5 10
6 12
9 19
10 21
12 24
12 25
17 35
19 39
21 43
25 50
28 56
30 61
32 64
33 64
34 65
35 65
36 66
37 66
38 67
39 67
40 68
41 68
42 69
43 69
44 70
45 70
46 71
47 71
50 73
51 73
52 74
54 75
56 76
59 77
61 78
63 79
64 80
65 80
66 81
67 81
68 82
69 82
70 83
71 83
73 84
74 85
75 85
76 86
77 86
78 87
79 87
80 88
81 88
82 89
83 89
84 90
85 90
86 91
87 91
88 92
89 92
90 93
91 93
92 0
93 0