91 5 2 8 18 14 99 32 62 37 15 88 61 89 50 73 55 75 60 29 95 40 92 57 65 72 33 21 31 82 86 9 71 70 98 4 69 54 42 80 90 96 27 36 43 45 13 47 25 30 34 76 7 39 26 1 11 23 77 19 12 84 87
91 96
91 9
91 92
5 88
5 71
5 87
5 84
2 30
8 88
8 99
18 86
18 73
14 96
14 69
99 7
99 80
32 1
32 95
32 72
62 37
62 15
37 95
37 82
37 57
15 27
88 61
61 23
89 31
89 11
50 80
50 33
73 55
55 43
75 60
75 30
29 57
29 90
40 84
92 19
92 70
57 34
57 87
65 26
65 34
65 30
33 45
21 12
31 98
31 71
82 54
86 77
71 47
4 26
69 54
42 45
36 45
45 76
13 47
25 1
34 77
76 12
7 39