0 4 3 1 2 8 16 17 14 15 19 12 18 11 20 6 13 5 7 9 53 76 29 30 31 32 33 34 35 36 37 38 39 40 50 55 56 57 58 59 60 64 51 61 62 52 54 63 65 78 79 66 67 68 69 85 70 71 72 73 74 75 77 88 83 91 96 86 98 92 80 89
0 4
0 3
4 2
4 6
4 13
4 19
3 14
3 20
1 2
1 8
1 16
2 15
2 18
17 13
17 53
17 76
14 9
12 13
11 5
20 29
6 7
5 7
53 55
53 58
76 78
29 30
30 31
31 32
32 33
33 34
34 35
35 36
36 37
37 38
38 39
39 40
50 56
50 58
50 60
55 51
55 61
56 54
56 57
56 59
58 52
58 64
61 63
62 63
65 78
78 66
78 70
78 71
78 72
78 73
78 74
78 79
79 67
79 68
79 69
79 75
79 77
69 85
85 91
85 96
88 83
83 92
91 92
86 98
98 80
92 89
80 89