9 18 1 28 29 30 2 24 31 33 4 34 36 16 23 37 38 39 5 15 41 42 14 17 52 53 54 10 21 55 56 13 61 63 64 65 66 68 70 71 72 73 75 76 78 19 79 81 84 87 22 88 90 91 92 93 94 95 96 98
9 52
9 53
9 54
18 79
18 81
1 28
1 29
1 30
28 76
29 39
2 31
2 33
24 98
31 87
31 71
31 36
4 37
4 38
4 39
34 55
34 36
16 73
16 75
23 94
23 95
23 96
38 91
38 96
38 71
39 41
5 41
5 42
15 70
15 71
15 72
41 66
42 68
14 68
17 76
17 78
52 73
53 64
53 70
10 55
10 56
21 88
21 90
13 65
13 66
61 71
63 94
66 98
72 81
75 90
19 84
84 88
22 91
22 92
22 93