0 10 22 25 1 11 17 30 2 31 33 3 16 20 9 13 34 4 38 39 5 24 40 41 42 6 44 7 18 48 8 15 49 50 52 54 21 55 57 19 58 60 12 62 63 65 66 14 23 69 71 73 74 77 79 80 84 85 86 87 89 90 91 92 94 96 97 99
0 25
10 55
10 57
22 91
22 92
25 73
25 79
1 30
11 58
11 60
17 77
30 58
2 31
2 33
31 77
31 89
33 65
3 34
16 73
16 74
20 85
20 86
20 87
9 52
9 54
13 65
13 66
34 41
4 38
4 39
39 85
5 40
5 41
5 42
24 97
24 99
40 50
42 48
42 99
6 44
44 65
7 48
18 79
18 80
8 49
8 50
15 71
49 62
52 90
21 89
21 90
55 94
57 65
19 84
60 63
12 62
12 63
62 96
62 92
66 74
14 69
23 94
23 96
69 94
71 80
84 96
86 96