0 34 36 91 1 11 56 82 96 2 8 78 83 87 3 19 29 64 69 88 5 6 13 42 70 85 62 25 52 9 23 76 10 80 15 28 60 61 95 14 38 67 18 16 47 41 49 17 72 58 20 48 98 21 54 26 53 32 33 73 94
0 34
34 17
34 42
34 67
34 85
36 73
91 23
1 82
1 96
11 61
11 95
56 29
56 41
82 25
96 23
2 8
8 9
78 47
78 85
83 69
87 62
3 19
19 28
19 60
64 9
64 48
64 76
69 18
69 60
69 72
88 53
88 62
5 13
5 70
6 62
13 38
42 32
70 23
62 72
25 61
52 10
23 28
76 14
76 21
10 80
80 67
15 16
38 73
18 58
16 49
41 48
49 26
17 72
72 21
72 33
58 94
20 48
98 21
54 26
26 53