0 19 24 25 26 27 1 20 8 28 30 2 11 7 31 3 35 36 4 9 10 13 37 38 39 5 40 6 43 44 47 48 21 49 12 52 14 15 56 57 58 61 62 16 65 67 71 18 73 17 23 76 77 78 22 79 80 81 82 83 84 87 88 89 90 91 92 93 95 96 99
0 25
0 26
0 27
19 82
19 83
19 84
24 99
25 62
26 37
26 73
26 79
1 28
1 30
20 87
8 49
28 38
30 58
2 31
11 58
7 47
7 48
31 44
31 35
3 35
3 36
35 95
36 39
4 37
4 38
9 52
10 56
10 57
13 65
37 39
5 40
40 61
6 43
6 44
44 88
48 91
21 88
21 89
21 90
49 71
49 83
12 61
12 62
52 62
14 67
15 71
56 91
57 62
16 73
65 84
67 84
18 79
18 80
18 81
17 76
17 77
17 78
23 95
23 96
76 84
78 90
22 91
22 92
22 93
87 95
93 99