0 1 3 4 5 6 7 8 10 11 12 13 14 15 16 20 21 22 23 25 26 27 28 29 33 34 35 36 37 40 41 42 45 48 49 50 51 52 55 56 57 58 59 60 61 62 63 64 66 67 68 69 70 71 72 73 74 75 76 77 78 81 82 83 84 87 88 89 90 91 92 93 96 97 98 99
0 1
0 8
3 4
4 5
4 88
5 67
6 7
6 64
7 8
10 11
10 92
11 12
12 13
13 14
14 15
15 16
20 21
20 60
21 22
22 23
25 26
26 27
26 71
27 28
28 29
33 34
34 35
34 60
35 36
36 37
40 41
41 42
41 82
42 51
45 90
48 49
49 50
50 51
50 90
51 52
55 56
56 57
57 58
58 59
59 60
60 61
60 66
61 62
61 72
62 63
63 64
67 68
67 77
68 69
69 70
70 71
71 72
72 73
72 99
74 75
75 76
76 77
77 78
81 82
82 83
83 84
87 88
88 89
89 90
90 91
91 92
92 93
96 97
97 98
98 99