0 1 6 7 2 8 3 4 5 10 11 12 9 14 20 13 15 18 19 21 22 23 17 16 24 26 29 25 31 34 35 28 27 33 32 30 36 37 42 43 44 39 38 41 40 46 47 48 45 95 52 51 50 49 53 54 56 57 58 55 75 63 60 61 62 64 68 73 67 98 76 77 81 82 86 90 87 91 92 97 96 79 80 83 84 88
0 6
0 7
1 6
6 12
7 2
2 8
8 9
3 4
4 10
5 10
10 11
11 16
12 19
12 18
9 14
20 13
20 15
13 19
13 26
15 21
19 24
22 16
22 29
23 16
17 16
24 30
26 33
26 32
26 31
29 34
29 35
29 51
29 50
25 31
34 28
34 41
27 33
32 39
36 37
36 43
37 42
37 44
44 38
44 95
39 38
39 46
41 46
41 52
40 46
46 48
46 45
47 48
95 96
50 56
49 53
49 54
53 56
54 58
56 63
57 58
58 75
55 87
63 60
60 61
61 62
61 64
62 98
64 68
64 67
73 76
98 86
76 77
77 81
81 82
82 86
86 90
87 91
87 84
91 92
91 96
92 97
79 80
80 83
80 88
83 84