1 8 11 12 13 14 15 16 17 18 21 22 23 24 25 26 27 28 31 32 33 34 35 36 37 38 41 42 43 44 45 46 47 48 51 52 53 54 55 56 57 58 61 62 63 64 65 66 67 68 71 72 73 74 75 76 77 78 81 82 83 84 85 86 87 88 91 98
1 11
8 18
11 12
12 22
13 23
14 24
15 25
16 26
17 18
17 27
21 22
22 23
23 33
24 34
25 35
26 27
26 36
27 28
31 32
32 33
33 34
34 44
35 36
35 45
36 37
37 38
41 42
42 43
43 44
44 45
44 54
45 46
46 47
47 48
51 52
52 53
53 54
54 55
54 64
55 56
55 65
56 57
57 58
61 62
62 63
63 64
63 73
64 74
65 66
65 75
66 67
66 76
67 68
71 72
72 73
72 82
73 83
74 84
75 85
76 77
76 86
77 78
77 87
81 82
81 91
87 88
88 98