0 5 21 23 25 27 1 8 15 28 2 3 13 33 34 4 9 14 39 40 42 6 12 43 44 45 7 47 22 49 51 52 10 18 55 11 60 62 16 64 66 68 69 20 24 70 73 75 17 76 80 19 83 85 86 88 89 91 93 94 95 98
0 25
0 27
5 40
5 42
21 88
21 89
23 94
23 95
25 47
25 91
27 49
1 28
8 49
8 51
15 70
28 95
2 33
3 34
13 64
13 66
33 51
34 70
4 39
9 52
14 68
14 69
39 69
40 55
42 85
42 80
6 43
6 44
6 45
12 62
43 88
44 95
7 47
22 91
22 93
49 64
52 62
10 55
18 80
11 60
60 75
62 91
16 73
16 75
66 80
68 93
69 73
69 76
20 85
20 86
24 98
70 94
75 83
17 76
80 94
19 83
83 98