0 1 2 3 4 5 8 9 6 7 10 11 13 12 17 14 18 21 22 19 23 28 29 27 25 24 35 31 34 33 30 36 39 41 44 43 42 53 48 51 58 59 56 54 63 60 61 67 68 70 71 66 72 74 75 77 76 73 80 78 83 87 84 90 96
0 1
0 2
0 3
0 5
0 6
4 9
8 6
8 14
9 11
9 7
6 7
6 10
6 12
11 13
12 17
12 18
18 19
18 21
21 29
22 23
22 25
23 29
28 24
28 35
28 33
29 24
29 34
27 24
35 31
34 39
33 30
36 39
36 41
39 44
44 42
44 53
43 42
53 56
48 51
48 58
58 59
59 54
56 54
54 60
54 61
63 60
60 67
67 71
68 66
70 66
70 77
71 73
72 73
72 74
72 75
72 76
75 80
77 76
76 78
73 83
80 87
87 84
84 90
90 96