0 1 2 3 4 5 6 7 8 9 10 20 30 40 50 60 70 80 90 91 92 93 94 95 96 97 98 99 19 29 39 49 59 89 11 12 13 14 15 16 17 41 51 61 71 81 82 87 88 38 48 58 68 78 22 25 32 42 52 62 72 73 74 75 76 37 47 57 34 35 64 65
0 1
0 10
1 2
2 3
3 4
4 5
4 14
5 6
5 15
6 7
7 8
8 9
9 19
10 20
20 30
30 40
40 50
40 41
50 60
60 70
70 80
80 90
90 91
91 92
92 93
93 94
94 95
95 96
96 97
97 98
98 99
99 89
19 29
29 39
39 49
49 59
49 48
11 12
12 13
13 14
14 25
15 16
16 17
41 51
41 52
51 61
61 71
71 81
81 82
87 88
88 78
38 48
48 58
58 68
58 47
68 78
22 32
25 35
32 42
42 52
52 62
62 72
72 73
73 74
74 75
74 64
75 76
37 47
47 57
34 35
64 65