0 1 2 3 4 5 6 7 8 9 10 11 12 13 14 15 16 17 18 26 27 24 25 30 31 32 28 29 19 20 21 22 23 33 34 35 36 37 38 39 40 87 89 90 41 42 43 48 49 50 51 52 54 56 57 58 60 45 46 61 62 65 69 72 67 73 74 76 85 86 78 80 81 82 84 93 96 99
0 1
1 2
1 72
1 99
2 3
3 4
4 5
4 90
4 57
4 20
5 6
6 7
7 8
8 9
9 10
9 85
10 11
11 12
12 13
13 14
14 15
15 16
16 17
17 18
18 19
26 27
26 25
24 25
24 23
30 31
30 29
31 32
31 60
31 48
32 33
32 54
28 29
28 23
29 76
20 21
21 22
22 23
23 96
33 34
34 35
34 45
34 78
34 80
35 36
36 37
37 38
38 39
39 40
40 41
87 86
89 84
41 42
42 43
48 49
49 50
50 51
51 52
56 45
56 93
57 58
60 61
45 46
45 65
61 62
69 72
72 73
67 76
73 74
85 86
85 84
80 81
81 82