0 25 1 28 29 30 2 11 32 33 18 7 12 9 5 8 41 6 43 44 45 48 22 51 10 52 53 55 56 57 59 60 61 62 63 16 15 71 72 24 73 75 17 19 76 77 78 80 82 83 84 87 88 23 91 92 93 95 99
0 25
25 77
1 28
1 29
1 30
29 61
30 55
30 91
2 32
2 33
11 59
11 60
33 75
18 80
7 48
12 62
12 63
9 52
9 53
5 41
8 51
41 95
6 44
6 45
43 76
44 71
48 56
22 91
22 92
22 93
51 53
10 55
10 56
10 57
52 77
55 82
55 71
57 76
60 82
61 99
63 72
16 73
16 75
15 71
15 72
24 99
73 93
73 88
17 76
17 77
17 78
19 82
19 83
19 84
76 87
80 99
84 95
23 95