0 1 15 26 27 28 2 13 4 31 32 33 3 34 35 23 24 37 38 39 5 40 42 6 8 9 19 43 44 45 7 48 49 51 52 54 10 20 55 16 59 62 64 65 66 14 67 22 70 72 74 17 77 78 18 79 82 83 84 85 89 90 92 95 97 98 99
0 26
0 27
1 28
15 70
15 72
26 55
27 74
28 32
2 31
2 32
2 33
13 64
13 65
13 66
4 37
4 38
4 39
31 49
32 89
33 84
3 34
3 35
34 52
34 89
23 95
24 97
24 98
24 99
37 54
39 44
5 40
5 42
40 66
6 43
6 44
6 45
8 49
8 51
9 52
9 54
19 82
19 83
19 84
45 95
45 62
7 48
48 51
10 55
20 85
16 74
59 65
64 89
66 77
14 67
67 82
22 92
72 89
74 77
17 77
17 78
77 98
18 79
79 85
84 90
85 97
90 92