0 7 4 25 26 1 28 30 2 17 23 22 31 32 33 3 13 36 5 37 38 39 12 40 42 6 15 8 43 46 47 48 24 49 9 52 10 21 56 57 11 20 59 61 62 64 65 14 18 69 72 16 74 75 19 78 79 80 81 83 87 88 89 91 93 94 97 98 99
0 25
0 26
7 46
7 47
7 48
4 37
4 38
4 39
25 75
26 48
1 28
1 30
28 36
30 93
2 31
2 32
2 33
17 78
23 94
22 91
22 93
31 91
32 87
32 99
33 47
3 36
13 64
13 65
5 40
5 42
39 98
12 61
12 62
40 47
42 49
42 65
6 43
15 72
8 49
43 97
46 69
46 88
48 59
24 97
24 98
24 99
9 52
52 80
10 56
10 57
21 88
21 89
56 75
11 59
20 87
61 89
64 81
14 69
18 79
18 80
18 81
72 89
16 74
16 75
74 94
19 83
78 93
79 83