2 6 7 8 9 11 13 14 15 18 21 23 26 27 28 29 30 31 32 33 34 35 36 37 38 39 40 41 42 43 44 45 46 47 48 49 50 51 52 53 54 55 56 57 58 59 60 61 62 63 64 65 66 67 68 69 70 71 73 74 77 78 79 83 84 86 90 91 92 95 98
2 6
6 7
7 8
8 11
9 11
9 13
13 14
14 15
15 18
18 21
21 23
23 26
26 27
27 28
28 31
29 32
30 33
31 34
32 33
33 34
34 35
35 36
35 38
36 39
37 40
37 41
39 40
39 42
42 43
42 45
43 46
44 47
46 47
47 48
47 49
49 50
49 52
50 53
51 53
51 54
51 55
55 56
56 57
56 59
57 60
58 61
58 62
60 61
62 63
63 64
63 66
64 67
65 67
65 68
65 69
69 70
70 71
70 73
71 74
74 77
77 78
78 79
79 83
83 84
84 86
86 90
90 91
91 92
92 95
95 98