37 50 73 1 80 89 95 29 43 12 39 83 87 4 22 47 62 77 5 9 18 27 32 67 21 48 82 88 92 23 40 94 34 42 46 10 64 68 24 71 72 56 13 15 53 51 44 69 17 98 86 76 54 45 96 58 97 30 70 85
37 15
37 45
50 21
73 1
73 68
1 89
80 29
80 43
80 70
89 64
89 86
95 53
95 68
29 58
29 67
29 97
12 56
39 58
83 62
83 72
87 10
87 96
4 22
4 47
22 34
47 64
47 82
77 34
77 45
5 27
5 67
9 34
9 42
18 17
18 46
18 69
32 42
21 56
48 54
88 51
92 71
23 44
40 13
40 34
40 46
94 30
34 71
10 64
24 76
72 86
56 15
51 45
44 58
44 85
69 54
17 98
86 97
76 58
96 30