2 5 8 9 10 12 13 14 15 16 17 18 19 20 21 22 26 25 29 30 31 32 33 37 38 39 40 41 42 43 44 48 49 51 50 54 55 56 57 58 62 63 64 65 69 70 71 72 73 74 76 77 80 81 82 87 88 89 90 94 95 96 97 98 99
2 9
5 14
8 9
9 10
10 19
12 13
12 17
13 14
15 16
16 17
17 18
18 19
18 49
19 20
20 21
21 22
26 25
25 30
29 38
30 31
30 39
31 32
31 48
32 33
37 38
38 39
39 40
40 41
40 74
41 42
42 43
43 44
48 49
51 57
50 54
50 55
55 56
55 64
56 57
56 73
57 58
62 63
63 64
64 65
65 99
69 70
70 71
71 72
72 73
73 74
76 77
76 82
80 81
80 89
81 82
81 98
87 88
88 89
89 90
94 95
95 96
96 97
97 98
98 99