0 6 26 27 1 15 28 29 30 14 3 19 9 35 36 4 12 37 38 5 20 42 18 10 44 45 7 11 47 8 49 51 54 23 16 56 57 22 24 58 59 61 13 64 66 21 68 69 70 73 17 76 77 79 82 84 86 88 89 92 94 97
0 26
0 27
6 44
6 45
27 36
1 28
1 29
1 30
15 70
29 59
14 68
14 69
3 35
3 36
19 82
19 84
9 54
35 54
35 57
4 37
4 38
12 61
37 44
38 97
38 77
5 42
20 86
42 88
42 58
18 79
10 56
10 57
44 56
45 84
7 47
11 58
11 59
47 92
47 59
8 49
8 51
49 70
51 92
23 94
16 73
57 94
22 92
24 97
58 61
58 86
13 64
13 66
64 77
66 69
66 73
21 88
21 89
17 76
17 77
79 89
82 92