8 4 10 23 12 24 27 21 7 30 6 33 34 36 2 37 3 39 15 19 40 1 20 42 26 43 44 0 45 46 17 48 51 52 53 55 56 60 62 64 66 67 28 38 68 11 70 73 74 14 77 79 35 80 81 82 83 86 87 89 90 91 92 93 97 99
8 4
8 10
8 67
4 45
10 51
10 89
23 12
23 33
23 56
12 43
24 48
27 21
21 30
7 34
7 48
30 37
6 64
34 97
36 2
36 83
2 68
37 3
3 53
3 92
39 15
39 19
39 93
15 90
40 1
40 80
40 91
20 60
42 26
42 55
26 62
44 0
44 68
0 53
45 82
46 17
17 52
51 87
52 70
55 56
60 80
62 64
64 79
66 74
67 28
67 38
28 70
38 73
68 11
11 87
73 91
74 14
14 80
14 86
77 89
79 35
79 81
81 89
86 99
87 97
93 99