11 26 1 9 28 29 30 2 23 31 32 33 24 35 36 38 20 7 10 46 47 48 14 19 52 53 54 55 56 58 59 60 61 63 13 64 65 66 67 69 15 70 72 75 78 18 79 80 81 82 83 86 87 88 92 94 95 97 99
11 58
11 59
11 60
26 83
26 61
1 28
1 29
1 30
9 52
9 53
9 54
29 60
30 36
30 80
2 31
2 32
2 33
23 94
23 95
32 47
33 35
33 94
24 97
24 99
38 97
20 86
20 87
7 46
7 47
7 48
10 55
10 56
47 53
47 60
47 99
48 61
14 67
14 69
19 82
19 83
55 87
56 80
58 72
59 78
60 64
61 63
13 64
13 65
13 66
69 70
15 70
15 72
75 86
18 79
18 80
18 81
88 95
92 99