0 2 4 5 1 3 23 24 7 17 16 10 15 6 18 21 19 22 11 9 8 13 20 30 32 29 34 43 44 42 39 46 25 33 35 48 49 28 47 37 69 93 70 92 52 89 71 72 73 74 75 78 76 88 98 60 53 85 87 97 54 63 55 67 57 65 82 58 83 84 81 90 50
0 9
0 67
2 3
2 4
2 13
2 47
4 1
5 1
5 73
1 16
1 7
1 39
3 22
3 20
23 24
23 30
23 89
23 90
7 32
17 42
17 67
17 44
16 18
16 53
10 32
10 92
15 39
6 18
6 67
21 19
21 13
22 46
11 74
8 35
8 33
20 82
30 29
32 29
32 52
34 92
43 44
42 87
39 63
46 48
25 37
33 72
48 49
49 28
28 74
47 81
37 72
69 93
93 70
70 92
92 71
89 88
71 72
74 75
75 78
75 76
88 85
98 60
98 97
60 54
53 50
54 63
54 55
63 65
63 84
67 57
57 58
58 83