0 15 20 25 27 1 4 29 2 24 31 32 33 3 22 10 35 36 38 5 12 18 42 6 7 43 44 14 19 46 48 8 23 49 50 9 52 55 56 11 58 59 60 62 13 16 66 69 21 70 74 75 17 76 78 80 81 82 83 86 89 90 93 95 96 99
0 25
0 27
15 70
20 86
25 78
25 42
25 90
1 29
4 38
29 43
2 31
2 32
2 33
24 99
31 44
32 76
3 35
3 36
22 93
10 55
10 56
35 43
36 60
38 50
5 42
12 62
18 80
18 81
6 43
6 44
7 46
7 48
43 46
43 86
14 69
19 82
19 83
46 75
48 62
8 49
8 50
23 95
23 96
49 74
9 52
52 58
55 70
56 93
56 81
11 58
11 59
11 60
59 66
13 66
16 74
16 75
69 76
21 89
21 90
17 76
17 78
76 95
80 89
81 99
83 86