0 45 1 94 37 61 20 65 4 23 12 53 15 56 73 39 89 35 2 57 77 55 95 22 5 68 80 62 88 18 93 46 49 40 13 33 85 96 34 54 19 43 78 67 8 9 17 63 82 6 14 60 26 32 52 21 98 7 87 42 64 11 90 24 97 29 84
0 45
0 80
0 42
45 73
1 94
94 35
94 67
94 60
37 61
37 98
37 6
37 67
37 87
20 65
20 22
65 2
65 19
4 23
23 96
23 68
12 53
53 26
15 56
15 78
73 64
39 89
39 77
39 55
39 84
89 40
35 2
35 7
2 82
57 77
55 95
95 7
22 43
5 68
5 21
68 9
68 17
62 88
88 85
18 93
18 17
46 49
49 9
40 78
13 33
33 26
33 32
33 7
85 96
85 64
96 8
96 52
34 54
34 63
34 17
34 24
43 97
78 90
6 14
26 21
11 90
29 84