0 22 27 1 12 7 28 29 30 2 6 32 33 3 16 24 34 35 4 9 21 37 5 42 43 44 20 46 47 48 8 50 10 52 53 17 55 57 11 18 60 61 63 13 65 66 67 15 71 72 19 73 76 77 80 81 83 23 86 87 90 91 94 95 98 99
0 27
22 91
27 83
1 28
1 29
1 30
12 61
12 63
7 46
7 47
7 48
28 60
29 42
30 47
2 32
2 33
6 43
6 44
32 72
33 66
3 34
3 35
16 73
24 98
24 99
34 37
34 44
35 83
35 73
35 53
4 37
9 52
9 53
21 90
5 42
43 76
44 86
20 86
20 87
46 65
46 90
47 76
8 50
50 77
10 55
10 57
17 76
17 77
57 86
11 60
18 80
18 81
61 67
63 95
13 65
13 66
67 91
15 71
15 72
19 83
80 90
23 94
23 95
90 98
94 99