0 1 11 5 25 27 8 28 29 6 24 32 3 14 34 35 4 10 37 15 23 42 43 7 9 47 48 49 50 51 52 53 54 55 58 60 12 21 61 62 63 20 67 69 70 71 72 17 78 19 82 84 85 86 87 89 93 94 95 96 98
0 25
0 27
1 28
1 29
11 58
11 60
5 42
25 43
27 49
27 93
27 32
8 49
8 50
8 51
28 51
28 34
6 43
24 98
32 42
3 34
3 35
14 67
14 69
4 37
10 55
37 84
15 70
15 71
15 72
23 94
23 95
23 96
7 47
7 48
9 52
9 53
9 54
48 67
51 85
54 96
54 87
55 61
58 94
60 78
12 61
12 62
12 63
21 89
61 82
63 87
20 85
20 86
20 87
67 95
69 98
72 87
17 78
78 89
19 82
19 84